     0>D:\Projects\Cpp\tools\log4cxx\apr\apr.vcxproj(93,5): warning MSB4011: "C:\Users\Christian\AppData\Local\Microsoft\MSBuild\v4.0\Microsoft.Cpp.Win32.user.props" cannot be imported again. It was already imported at "D:\Projects\Cpp\tools\log4cxx\apr\apr.vcxproj (90,5)". This is most likely a build authoring error. This subsequent import will be ignored. 
Build started 8/4/2013 1:36:05 PM.
     1>Project "D:\Projects\Cpp\tools\log4cxx\apr\apr.vcxproj" on node 2 (Build target(s)).
     1>InitializeBuildStatus:
         Creating ".\LibD\apr.unsuccessfulbuild" because "AlwaysCreate" was specified.
       CustomBuild:
         All outputs are up-to-date.
     0>D:\Projects\Cpp\tools\log4cxx\apr-util\xml\expat\lib\xml.vcxproj(86,5): warning MSB4011: "C:\Users\Christian\AppData\Local\Microsoft\MSBuild\v4.0\Microsoft.Cpp.Win32.user.props" cannot be imported again. It was already imported at "D:\Projects\Cpp\tools\log4cxx\apr-util\xml\expat\lib\xml.vcxproj (79,5)". This is most likely a build authoring error. This subsequent import will be ignored. 
       ClCompile:
         C:\Program Files (x86)\Microsoft Visual Studio 11.0\VC\bin\CL.exe /c /I./include /I./include/arch /I./include/arch/win32 /I./include/arch/unix /Zi /nologo /W3 /WX- /Od /Oy- /D _DEBUG /D APR_DECLARE_STATIC /D WIN32 /D WINNT /D _WINDOWS /D _VC80_UPGRADE=0x0600 /Gm- /EHsc /MDd /GS /Gy- /fp:precise /Zc:wchar_t /Zc:forScope /Fo".\LibD\\" /Fd".\LibD\apr-1" /Gd /TC /analyze- /errorReport:prompt  /EHsc   /EHsc atomic\win32\apr_atomic.c dso\win32\dso.c file_io\win32\buffer.c file_io\unix\copy.c file_io\win32\dir.c file_io\unix\fileacc.c file_io\win32\filedup.c file_io\win32\filepath.c file_io\unix\filepath_util.c file_io\win32\filestat.c file_io\win32\filesys.c file_io\win32\flock.c file_io\unix\fullrw.c file_io\unix\mktemp.c file_io\win32\open.c file_io\win32\pipe.c file_io\win32\readwrite.c file_io\win32\seek.c file_io\unix\tempdir.c locks\win32\proc_mutex.c locks\win32\thread_cond.c locks\win32\thread_mutex.c locks\win32\thread_rwlock.c memory\unix\apr_pools.c misc\win32\charset.c misc\win32\env.c misc\unix\errorcodes.c misc\unix\getopt.c misc\win32\internal.c misc\win32\misc.c misc\unix\otherchild.c misc\win32\rand.c misc\win32\start.c misc\win32\utf8.c misc\unix\version.c mmap\unix\common.c mmap\win32\mmap.c network_io\unix\inet_ntop.c network_io\unix\inet_pton.c network_io\unix\multicast.c network_io\win32\sendrecv.c network_io\unix\sockaddr.c network_io\win32\sockets.c network_io\unix\socket_util.c network_io\win32\sockopt.c passwd\apr_getpass.c poll\unix\poll.c poll\unix\pollcb.c poll\unix\pollset.c poll\unix\select.c random\unix\apr_random.c random\unix\sha2.c random\unix\sha2_glue.c shmem\win32\shm.c strings\apr_cpystrn.c strings\apr_fnmatch.c strings\apr_snprintf.c strings\apr_strings.c strings\apr_strnatcmp.c strings\apr_strtok.c tables\apr_hash.c tables\apr_tables.c threadproc\win32\proc.c threadproc\win32\signals.c threadproc\win32\thread.c threadproc\win32\threadpriv.c time\win32\time.c time\win32\timestr.c user\win32\groupinfo.c user\win32\userinfo.c
         apr_atomic.c
         dso.c
         buffer.c
         copy.c
         dir.c
         fileacc.c
         filedup.c
         filepath.c
         filepath_util.c
         filestat.c
         filesys.c
         flock.c
         fullrw.c
         mktemp.c
         open.c
         pipe.c
         readwrite.c
         seek.c
         tempdir.c
         proc_mutex.c
         Generating Code...
         Compiling...
         thread_cond.c
         thread_mutex.c
         thread_rwlock.c
         apr_pools.c
         charset.c
         env.c
         errorcodes.c
         getopt.c
         internal.c
         misc.c
         otherchild.c
         rand.c
         start.c
         utf8.c
         version.c
         common.c
         mmap.c
         inet_ntop.c
         inet_pton.c
         multicast.c
         Generating Code...
         Compiling...
         sendrecv.c
         sockaddr.c
         sockets.c
         socket_util.c
         sockopt.c
         apr_getpass.c
         poll.c
         pollcb.c
         pollset.c
         select.c
         apr_random.c
         sha2.c
         sha2_glue.c
         shm.c
         apr_cpystrn.c
         apr_fnmatch.c
         apr_snprintf.c
         apr_strings.c
         apr_strnatcmp.c
         apr_strtok.c
         Generating Code...
         Compiling...
         apr_hash.c
         apr_tables.c
         proc.c
         signals.c
         thread.c
         threadpriv.c
         time.c
         timestr.c
         groupinfo.c
         userinfo.c
         Generating Code...
     1>C:\Program Files (x86)\MSBuild\Microsoft.Cpp\v4.0\V110\Microsoft.CppBuild.targets(1299,5): warning MSB8012: TargetPath(D:\Projects\Cpp\tools\log4cxx\apr\.\LibD\apr.lib) does not match the Library's OutputFile property value (D:\Projects\Cpp\tools\log4cxx\apr\LibD\apr-1.lib). This may cause your project to build incorrectly. To correct this, please make sure that $(OutDir), $(TargetName) and $(TargetExt) property values match the value specified in %(Lib.OutputFile).
     1>C:\Program Files (x86)\MSBuild\Microsoft.Cpp\v4.0\V110\Microsoft.CppBuild.targets(1301,5): warning MSB8012: TargetName(apr) does not match the Library's OutputFile property value (apr-1). This may cause your project to build incorrectly. To correct this, please make sure that $(OutDir), $(TargetName) and $(TargetExt) property values match the value specified in %(Lib.OutputFile).
       Lib:
         C:\Program Files (x86)\Microsoft Visual Studio 11.0\VC\bin\Lib.exe /OUT:"LibD\apr-1.lib" /NOLOGO .\LibD\apr_atomic.obj
         .\LibD\dso.obj
         .\LibD\buffer.obj
         .\LibD\copy.obj
         .\LibD\dir.obj
         .\LibD\fileacc.obj
         .\LibD\filedup.obj
         .\LibD\filepath.obj
         .\LibD\filepath_util.obj
         .\LibD\filestat.obj
         .\LibD\filesys.obj
         .\LibD\flock.obj
         .\LibD\fullrw.obj
         .\LibD\mktemp.obj
         .\LibD\open.obj
         .\LibD\pipe.obj
         .\LibD\readwrite.obj
         .\LibD\seek.obj
         .\LibD\tempdir.obj
         .\LibD\proc_mutex.obj
         .\LibD\thread_cond.obj
         .\LibD\thread_mutex.obj
         .\LibD\thread_rwlock.obj
         .\LibD\apr_pools.obj
         .\LibD\charset.obj
         .\LibD\env.obj
         .\LibD\errorcodes.obj
         .\LibD\getopt.obj
         .\LibD\internal.obj
         .\LibD\misc.obj
         .\LibD\otherchild.obj
         .\LibD\rand.obj
         .\LibD\start.obj
         .\LibD\utf8.obj
         .\LibD\version.obj
         .\LibD\common.obj
         .\LibD\mmap.obj
         .\LibD\inet_ntop.obj
         .\LibD\inet_pton.obj
         .\LibD\multicast.obj
         .\LibD\sendrecv.obj
         .\LibD\sockaddr.obj
         .\LibD\sockets.obj
         .\LibD\socket_util.obj
         .\LibD\sockopt.obj
         .\LibD\apr_getpass.obj
         .\LibD\poll.obj
         .\LibD\pollcb.obj
         .\LibD\pollset.obj
         .\LibD\select.obj
         .\LibD\apr_random.obj
         .\LibD\sha2.obj
         .\LibD\sha2_glue.obj
         .\LibD\shm.obj
         .\LibD\apr_cpystrn.obj
         .\LibD\apr_fnmatch.obj
         .\LibD\apr_snprintf.obj
         .\LibD\apr_strings.obj
         .\LibD\apr_strnatcmp.obj
         .\LibD\apr_strtok.obj
         .\LibD\apr_hash.obj
         .\LibD\apr_tables.obj
         .\LibD\proc.obj
         .\LibD\signals.obj
         .\LibD\thread.obj
         .\LibD\threadpriv.obj
         .\LibD\time.obj
         .\LibD\timestr.obj
         .\LibD\groupinfo.obj
         .\LibD\userinfo.obj
         apr.vcxproj -> D:\Projects\Cpp\tools\log4cxx\apr\.\LibD\apr.lib
       FinalizeBuildStatus:
         Deleting file ".\LibD\apr.unsuccessfulbuild".
         Touching ".\LibD\apr.lastbuildstate".
     1>Done Building Project "D:\Projects\Cpp\tools\log4cxx\apr\apr.vcxproj" (Build target(s)).

Build succeeded.

Time Elapsed 00:00:15.17
